#-----------------------------------------------------------
# Vivado v2018.3 (64-bit)
# SW Build 2405991 on Thu Dec  6 23:36:41 MST 2018
# IP Build 2404404 on Fri Dec  7 01:43:56 MST 2018
# Start of session at: Mon Jan 27 17:13:28 2020
# Process ID: 5348
# Current directory: /home/users/kfujita/resol_hdl/segment/proj
# Command line: vivado unpool_test/unpool_test.xpr
# Log file: /home/users/kfujita/resol_hdl/segment/proj/vivado.log
# Journal file: /home/users/kfujita/resol_hdl/segment/proj/vivado.jou
#-----------------------------------------------------------
start_gui
open_project unpool_test/unpool_test.xpr
Scanning sources...
Finished scanning sources
INFO: [IP_Flow 19-234] Refreshing IP repositories
INFO: [IP_Flow 19-1704] No user IP repositories specified
INFO: [IP_Flow 19-2313] Loaded Vivado IP repository '/home/cad/xilinx-vivado-2018.3/Vivado/2018.3/data/ip'.
open_project: Time (s): cpu = 00:00:17 ; elapsed = 00:00:12 . Memory (MB): peak = 6528.785 ; gain = 156.855 ; free physical = 575 ; free virtual = 6117
update_compile_order -fileset sources_1
update_compile_order -fileset sources_1
exit
INFO: [Common 17-206] Exiting Vivado at Mon Jan 27 17:20:47 2020...
