#-----------------------------------------------------------
# Vivado v2018.3 (64-bit)
# SW Build 2405991 on Thu Dec  6 23:36:41 MST 2018
# IP Build 2404404 on Fri Dec  7 01:43:56 MST 2018
# Start of session at: Mon Jan 20 08:58:57 2020
# Process ID: 23149
# Current directory: /home/users/kfujita/resol_hdl/segment/proj
# Command line: vivado
# Log file: /home/users/kfujita/resol_hdl/segment/proj/vivado.log
# Journal file: /home/users/kfujita/resol_hdl/segment/proj/vivado.jou
#-----------------------------------------------------------
start_gui
open_project /home/users/kfujita/resol_hdl/segment/proj/unpool_test/unpool_test.xpr
Scanning sources...
Finished scanning sources
INFO: [IP_Flow 19-234] Refreshing IP repositories
INFO: [IP_Flow 19-1704] No user IP repositories specified
INFO: [IP_Flow 19-2313] Loaded Vivado IP repository '/home/cad/xilinx-vivado-2018.3/Vivado/2018.3/data/ip'.
open_project: Time (s): cpu = 00:00:15 ; elapsed = 00:00:14 . Memory (MB): peak = 6616.098 ; gain = 146.141 ; free physical = 536 ; free virtual = 6450
update_compile_order -fileset sources_1
add_files -norecurse /home/users/kfujita/resol_hdl/segment/src/maxpoolng.v
update_compile_order -fileset sources_1
add_files -norecurse {/home/users/kfujita/resol_hdl/segment/src/itgnet.v /home/users/kfujita/resol_hdl/segment/src/extnet.v /home/users/kfujita/resol_hdl/segment/src/rdcnet.v /home/users/kfujita/resol_hdl/segment/src/conv_one.v /home/users/kfujita/resol_hdl/segment/src/layer.v}
update_compile_order -fileset sources_1
reset_run synth_1
launch_runs synth_1 -jobs 48
[Mon Jan 20 09:37:32 2020] Launched synth_1...
Run output will be captured here: /home/users/kfujita/resol_hdl/segment/proj/unpool_test/unpool_test.runs/synth_1/runme.log
launch_runs impl_1 -jobs 48
[Mon Jan 20 09:39:52 2020] Launched impl_1...
Run output will be captured here: /home/users/kfujita/resol_hdl/segment/proj/unpool_test/unpool_test.runs/impl_1/runme.log
reset_run impl_1
WARNING: [Vivado 12-1017] Problems encountered:
1. PID not specified

launch_runs impl_1 -jobs 48
[Mon Jan 20 09:40:04 2020] Launched impl_1...
Run output will be captured here: /home/users/kfujita/resol_hdl/segment/proj/unpool_test/unpool_test.runs/impl_1/runme.log
WARNING: [Common 17-9] Error reading message records.
WARNING: [Common 17-9] Error reading message records.
reset_run impl_1
reset_runs: Time (s): cpu = 00:00:01 ; elapsed = 00:00:39 . Memory (MB): peak = 6987.543 ; gain = 0.000 ; free physical = 1265 ; free virtual = 4062
exit
INFO: [Common 17-206] Exiting Vivado at Mon Jan 20 09:56:31 2020...
