#-----------------------------------------------------------
# Vivado v2018.3 (64-bit)
# SW Build 2405991 on Thu Dec  6 23:36:41 MST 2018
# IP Build 2404404 on Fri Dec  7 01:43:56 MST 2018
# Start of session at: Wed Jan 29 12:37:50 2020
# Process ID: 32632
# Current directory: /home/users/kfujita/resol_hdl/segment/proj
# Command line: vivado segment_1/segment_1.xpr
# Log file: /home/users/kfujita/resol_hdl/segment/proj/vivado.log
# Journal file: /home/users/kfujita/resol_hdl/segment/proj/vivado.jou
#-----------------------------------------------------------
start_gui
open_project segment_1/segment_1.xpr
Scanning sources...
Finished scanning sources
INFO: [IP_Flow 19-234] Refreshing IP repositories
INFO: [IP_Flow 19-1704] No user IP repositories specified
INFO: [IP_Flow 19-2313] Loaded Vivado IP repository '/home/cad/xilinx-vivado-2018.3/Vivado/2018.3/data/ip'.
open_project: Time (s): cpu = 00:00:19 ; elapsed = 00:00:09 . Memory (MB): peak = 6683.867 ; gain = 129.109 ; free physical = 121204 ; free virtual = 127979
update_compile_order -fileset sources_1
reset_run synth_1
launch_runs synth_1 -jobs 48
[Wed Jan 29 12:44:42 2020] Launched synth_1...
Run output will be captured here: /home/users/kfujita/resol_hdl/segment/proj/segment_1/segment_1.runs/synth_1/runme.log
reset_run synth_1
launch_runs synth_1 -jobs 48
[Wed Jan 29 12:47:01 2020] Launched synth_1...
Run output will be captured here: /home/users/kfujita/resol_hdl/segment/proj/segment_1/segment_1.runs/synth_1/runme.log
reset_run synth_1
launch_runs synth_1 -jobs 48
[Wed Jan 29 12:49:50 2020] Launched synth_1...
Run output will be captured here: /home/users/kfujita/resol_hdl/segment/proj/segment_1/segment_1.runs/synth_1/runme.log
reset_run synth_1
launch_runs synth_1 -jobs 48
[Wed Jan 29 12:53:39 2020] Launched synth_1...
Run output will be captured here: /home/users/kfujita/resol_hdl/segment/proj/segment_1/segment_1.runs/synth_1/runme.log
reset_run synth_1
launch_runs synth_1 -jobs 48
[Wed Jan 29 12:58:05 2020] Launched synth_1...
Run output will be captured here: /home/users/kfujita/resol_hdl/segment/proj/segment_1/segment_1.runs/synth_1/runme.log
CRITICAL WARNING: [Common 17-1649] The Vivado message database '/home/users/kfujita/resol_hdl/segment/proj/segment_1/segment_1.runs/synth_1/vivado.pb' contains 65205 messages. Restoring all messages from this message database will impact Vivado performance, so only WARNING, CRITICAL WARNING, and ERROR messages will be restored. To restore all messages from this file use the tcl command 'set_param messaging.loadPbLimit 65206' and re-open the project.
update_compile_order -fileset sources_1
export_ip_user_files -of_objects  [get_files /home/users/kfujita/resol_hdl/segment/src/common/coord_adjuster.v] -no_script -reset -force -quiet
remove_files  /home/users/kfujita/resol_hdl/segment/src/common/coord_adjuster.v
reset_run synth_1
launch_runs synth_1 -jobs 48
[Wed Jan 29 14:44:51 2020] Launched synth_1...
Run output will be captured here: /home/users/kfujita/resol_hdl/segment/proj/segment_1/segment_1.runs/synth_1/runme.log
reset_run synth_1
launch_runs synth_1 -jobs 48
[Wed Jan 29 14:46:14 2020] Launched synth_1...
Run output will be captured here: /home/users/kfujita/resol_hdl/segment/proj/segment_1/segment_1.runs/synth_1/runme.log
CRITICAL WARNING: [Common 17-1649] The Vivado message database '/home/users/kfujita/resol_hdl/segment/proj/segment_1/segment_1.runs/synth_1/vivado.pb' contains 66460 messages. Restoring all messages from this message database will impact Vivado performance, so only WARNING, CRITICAL WARNING, and ERROR messages will be restored. To restore all messages from this file use the tcl command 'set_param messaging.loadPbLimit 66461' and re-open the project.
launch_runs impl_1 -jobs 48
[Wed Jan 29 15:04:09 2020] Launched impl_1...
Run output will be captured here: /home/users/kfujita/resol_hdl/segment/proj/segment_1/segment_1.runs/impl_1/runme.log
open_run impl_1
INFO: [Netlist 29-17] Analyzing 516 Unisim elements for replacement
INFO: [Netlist 29-28] Unisim Transformation completed in 0 CPU seconds
INFO: [Project 1-479] Netlist was created with Vivado 2018.3
INFO: [Device 21-403] Loading part xcvu095-ffva2104-2-e
INFO: [Project 1-570] Preparing netlist for logic optimization
Reading XDEF placement.
Reading placer database...
Reading XDEF routing.
Read XDEF File: Time (s): cpu = 00:00:00.42 ; elapsed = 00:00:00.43 . Memory (MB): peak = 7660.004 ; gain = 0.000 ; free physical = 123614 ; free virtual = 130430
Restored from archive | CPU: 0.440000 secs | Memory: 9.864540 MB |
Finished XDEF File Restore: Time (s): cpu = 00:00:00.43 ; elapsed = 00:00:00.43 . Memory (MB): peak = 7660.004 ; gain = 0.000 ; free physical = 123614 ; free virtual = 130430
Netlist sorting complete. Time (s): cpu = 00:00:00 ; elapsed = 00:00:00 . Memory (MB): peak = 7660.004 ; gain = 0.000 ; free physical = 123615 ; free virtual = 130431
INFO: [Project 1-111] Unisim Transformation Summary:
  A total of 289 instances were transformed.
  DSP48E2 => DSP48E2 (DSP_ALU, DSP_A_B_DATA, DSP_C_DATA, DSP_MULTIPLIER, DSP_M_DATA, DSP_OUTPUT, DSP_PREADD_DATA, DSP_PREADD): 26 instances
  IBUF => IBUF (IBUFCTRL, INBUF): 21 instances
  RAM16X1D => RAM32X1D (RAMD32, RAMD32): 12 instances
  RAM32M16 => RAM32M16 (RAMD32, RAMD32, RAMD32, RAMD32, RAMD32, RAMD32, RAMD32, RAMD32, RAMD32, RAMD32, RAMD32, RAMD32, RAMD32, RAMD32, RAMS32, RAMS32): 70 instances
  RAM64M8 => RAM64M8 (RAMD64E, RAMD64E, RAMD64E, RAMD64E, RAMD64E, RAMD64E, RAMD64E, RAMD64E): 64 instances
  RAM64X1D => RAM64X1D (RAMD64E, RAMD64E): 96 instances

open_run: Time (s): cpu = 00:00:29 ; elapsed = 00:00:25 . Memory (MB): peak = 8584.965 ; gain = 1504.352 ; free physical = 123120 ; free virtual = 129936
WARNING: [Timing 38-313] There are no user specified timing constraints. Timing constraints are needed for proper timing analysis.
set_property STEPS.SYNTH_DESIGN.ARGS.MAX_DSP 768 [get_runs synth_1]
set_property STEPS.SYNTH_DESIGN.ARGS.MAX_BRAM_CASCADE_HEIGHT 3456 [get_runs synth_1]
add_files -fileset constrs_1 -norecurse /home/users/kfujita/resol_hdl/segment/xdc/vcu108.xdc
reset_run synth_1
launch_runs synth_1 -jobs 48
[Wed Jan 29 16:05:36 2020] Launched synth_1...
Run output will be captured here: /home/users/kfujita/resol_hdl/segment/proj/segment_1/segment_1.runs/synth_1/runme.log
CRITICAL WARNING: [Common 17-1649] The Vivado message database '/home/users/kfujita/resol_hdl/segment/proj/segment_1/segment_1.runs/synth_1/vivado.pb' contains 67782 messages. Restoring all messages from this message database will impact Vivado performance, so only WARNING, CRITICAL WARNING, and ERROR messages will be restored. To restore all messages from this file use the tcl command 'set_param messaging.loadPbLimit 67783' and re-open the project.
