#-----------------------------------------------------------
# Vivado v2018.3 (64-bit)
# SW Build 2405991 on Thu Dec  6 23:36:41 MST 2018
# IP Build 2404404 on Fri Dec  7 01:43:56 MST 2018
# Start of session at: Mon Jan 20 15:28:25 2020
# Process ID: 8793
# Current directory: /home/users/kfujita/resol_hdl/segment/proj
# Command line: vivado
# Log file: /home/users/kfujita/resol_hdl/segment/proj/vivado.log
# Journal file: /home/users/kfujita/resol_hdl/segment/proj/vivado.jou
#-----------------------------------------------------------
start_gui
create_project segment_1 /home/users/kfujita/resol_hdl/segment/proj/segment_1 -part xcvu095-ffva2104-2-e
INFO: [IP_Flow 19-234] Refreshing IP repositories
INFO: [IP_Flow 19-1704] No user IP repositories specified
INFO: [IP_Flow 19-2313] Loaded Vivado IP repository '/home/cad/xilinx-vivado-2018.3/Vivado/2018.3/data/ip'.
create_project: Time (s): cpu = 00:00:13 ; elapsed = 00:00:09 . Memory (MB): peak = 6635.629 ; gain = 40.516 ; free physical = 932 ; free virtual = 6320
add_files -norecurse {/home/users/kfujita/resol_hdl/segment/src/common/integrate.v /home/users/kfujita/resol_hdl/segment/src/extnet.v /home/users/kfujita/resol_hdl/segment/src/rdcnet.v /home/users/kfujita/resol_hdl/segment/src/common/fifo.v /home/users/kfujita/resol_hdl/segment/src/common/forward.v /home/users/kfujita/resol_hdl/segment/src/unpooling.v /home/users/kfujita/resol_hdl/segment/src/common/ram.v /home/users/kfujita/resol_hdl/segment/src/itgnet.v /home/users/kfujita/resol_hdl/segment/src/maxpoolng.v /home/users/kfujita/resol_hdl/segment/src/common/coord_adjuster.v /home/users/kfujita/resol_hdl/segment/src/common/delay.v /home/users/kfujita/resol_hdl/segment/src/conv_one.v /home/users/kfujita/resol_hdl/segment/src/layer.v /home/users/kfujita/resol_hdl/segment/src/top.v /home/users/kfujita/resol_hdl/segment/src/common/stream_patch.v}
update_compile_order -fileset sources_1
update_compile_order -fileset sources_1
launch_runs synth_1 -jobs 48
[Mon Jan 20 15:34:06 2020] Launched synth_1...
Run output will be captured here: /home/users/kfujita/resol_hdl/segment/proj/segment_1/segment_1.runs/synth_1/runme.log
update_compile_order -fileset sources_1
reset_run synth_1
launch_runs synth_1 -jobs 48
[Mon Jan 20 15:37:30 2020] Launched synth_1...
Run output will be captured here: /home/users/kfujita/resol_hdl/segment/proj/segment_1/segment_1.runs/synth_1/runme.log
exit
INFO: [Common 17-206] Exiting Vivado at Mon Jan 20 15:38:09 2020...
